<?xml version="1.0" encoding="UTF-8" ?>
<testsuite errors="0" failures="0" hostname="IBLAESMADC00668" name="runner.Runner" skipped="0" tests="1" time="7.7" timestamp="2022-08-01T06:43:32">
  <properties>
    <property name="java.vendor" value="Eclipse OpenJ9" />
    <property name="lib.dir" value="lib" />
    <property name="sun.java.launcher" value="SUN_STANDARD" />
    <property name="eclipse.pdebuild.templates" value="C:\Software\eclipse-4.12\plugins\org.eclipse.pde.build_3.10.400.v20190320-1020\templates" />
    <property name="os.name" value="Windows 10" />
    <property name="java.target" value="1.8" />
    <property name="sun.boot.class.path" value="C:\dev\jdk\openjdk-8u212-x64-openj9\jre\bin\compressedrefs\jclSC180\vm.jar;C:\dev\jdk\openjdk-8u212-x64-openj9\jre\lib\se-service.jar;C:\dev\jdk\openjdk-8u212-x64-openj9\jre\lib\rt.jar;C:\dev\jdk\openjdk-8u212-x64-openj9\jre\lib\resources.jar;C:\dev\jdk\openjdk-8u212-x64-openj9\jre\lib\jsse.jar;C:\dev\jdk\openjdk-8u212-x64-openj9\jre\lib\charsets.jar;C:\dev\jdk\openjdk-8u212-x64-openj9\jre\lib\jce.jar" />
    <property name="sun.desktop" value="windows" />
    <property name="java.vm.specification.vendor" value="Oracle Corporation" />
    <property name="ant.home" value="C:\Software\eclipse-4.12\plugins\org.apache.ant_1.10.5.v20190526-1402" />
    <property name="java.runtime.version" value="1.8.0_212-b04" />
    <property name="user.name" value="X46852CA" />
    <property name="java.compiler" value="j9jit29" />
    <property name="os.encoding" value="UTF8" />
    <property name="reports.junit.dir" value="target/reports/junit" />
    <property name="com.ibm.util.extralibs.properties" value="" />
    <property name="build.dir" value="target" />
    <property name="com.ibm.jcl.checkClassPath" value="" />
    <property name="user.language" value="es" />
    <property name="com.ibm.oti.vm.bootstrap.library.path" value="C:\dev\jdk\openjdk-8u212-x64-openj9\jre\bin\compressedrefs;C:\dev\jdk\openjdk-8u212-x64-openj9\jre\bin" />
    <property name="sun.boot.library.path" value="C:\dev\jdk\openjdk-8u212-x64-openj9\jre\bin\compressedrefs;C:\dev\jdk\openjdk-8u212-x64-openj9\jre\bin" />
    <property name="reports.dir" value="target/reports" />
    <property name="jdk.extensions.version" value="8.0.212.1" />
    <property name="ant.project.name" value="ProjectAnt" />
    <property name="java.version" value="1.8.0_212" />
    <property name="user.timezone" value="" />
    <property name="com.ibm.system.agent.path" value="C:\dev\jdk\openjdk-8u212-x64-openj9\jre\bin" />
    <property name="resources.dir" value="target/classes/resources" />
    <property name="sun.arch.data.model" value="64" />
    <property name="com.ibm.zero.version" value="2" />
    <property name="java.endorsed.dirs" value="C:\dev\jdk\openjdk-8u212-x64-openj9\jre\lib\endorsed" />
    <property name="com.ibm.oti.vm.library.version" value="29" />
    <property name="sun.jnu.encoding" value="Cp1252" />
    <property name="file.encoding.pkg" value="sun.io" />
    <property name="file.separator" value="\" />
    <property name="java.specification.name" value="Java Platform API Specification" />
    <property name="classes.dir" value="target/classes" />
    <property name="java.class.version" value="52.0" />
    <property name="user.country" value="ES" />
    <property name="java.home" value="C:\dev\jdk\openjdk-8u212-x64-openj9\jre" />
    <property name="dist.dir" value="target/dist" />
    <property name="java.vm.info" value="JRE 1.8.0 Windows 10 amd64-64-Bit Compressed References 20190521_368 (JIT enabled, AOT enabled)&#xa;OpenJ9   - 4b1df46fe&#xa;OMR      - b56045d2&#xa;JCL      - a8c217d402 based on jdk8u212-b04" />
    <property name="java.source" value="1.8" />
    <property name="ant.file" value="C:\Users\X46852CA\Desktop\ARCHIVOS\Angular y Cucumber\CUCUMBER\workspace\ProjectAnt\build.xml" />
    <property name="os.version" value="10.0" />
    <property name="classes.test.dir" value="target/test-classes" />
    <property name="java.awt.fonts" value="" />
    <property name="path.separator" value=";" />
    <property name="java.vm.version" value="openj9-0.14.2" />
    <property name="user.variant" value="" />
    <property name="ant.library.dir" value="C:\Software\eclipse-4.12\plugins\org.apache.ant_1.10.5.v20190526-1402\lib" />
    <property name="runner.dir" value="src/test/java/runner" />
    <property name="java.awt.printerjob" value="sun.awt.windows.WPrinterJob" />
    <property name="jdk.extensions.name" value="Extensions for OpenJDK for Eclipse OpenJ9" />
    <property name="sun.io.unicode.encoding" value="UnicodeLittle" />
    <property name="awt.toolkit" value="sun.awt.windows.WToolkit" />
    <property name="ibm.signalhandling.sigint" value="true" />
    <property name="eclipse.pdebuild.scripts" value="C:\Software\eclipse-4.12\plugins\org.eclipse.pde.build_3.10.400.v20190320-1020\scripts" />
    <property name="user.home" value="C:\Users\X46852CA" />
    <property name="com.ibm.cpu.endian" value="little" />
    <property name="java.specification.vendor" value="Oracle Corporation" />
    <property name="ibm.signalhandling.sigchain" value="true" />
    <property name="java.library.path" value="C:\dev\jdk\openjdk-8u212-x64-openj9\jre\bin\compressedrefs;C:\dev\jdk\openjdk-8u212-x64-openj9\jre\bin;C:\WINDOWS\system32;C:\WINDOWS;C:\Program Files (x86)\Common Files\Oracle\Java\javapath;C:\WINDOWS\system32;C:\WINDOWS;C:\WINDOWS\System32\Wbem;C:\WINDOWS\System32\WindowsPowerShell\v1.0\;C:\WINDOWS\System32\OpenSSH\;C:\Program Files\Intel\WiFi\bin\;C:\Program Files\Common Files\Intel\WirelessCommon\;C:\Program Files\Git\cmd;C:\Program Files\nodejs\;C:\Program Files\TortoiseSVN\bin;C:\Software\apache-ant-1.10.6-bin\bin;C:\xampp\php;C:\laragon\bin\php\php-7.4.19-Win32-vc15-x64;C:\ProgramData\ComposerSetup\bin;C:\Users\X46852CA\AppData\Local\Microsoft\WindowsApps;C:\Users\X46852CA\AppData\Local\Programs\Microsoft VS Code\bin;C:\Users\X46852CA\AppData\Roaming\npm;C:\gradle\bin;C:\Users\X46852CA\AppData\Local\GitHubDesktop\bin;C:\Users\X46852CA\AppData\Roaming\Composer\vendor\bin;." />
    <property name="java.vendor.url" value="http://www.eclipse.org/openj9" />
    <property name="java.vm.vendor" value="Eclipse OpenJ9" />
    <property name="java.fullversion" value="1.8.0_212-b04&#xa;JRE 1.8.0 Windows 10 amd64-64-Bit Compressed References 20190521_368 (JIT enabled, AOT enabled)&#xa;OpenJ9   - 4b1df46fe&#xa;OMR      - b56045d2&#xa;JCL      - a8c217d402 based on jdk8u212-b04" />
    <property name="java.runtime.name" value="OpenJDK Runtime Environment" />
    <property name="sun.java.command" value="org.apache.tools.ant.taskdefs.optional.junit.JUnitTestRunner runner.Runner skipNonTests=false filtertrace=true haltOnError=false haltOnFailure=false showoutput=false outputtoformatters=true logfailedtests=true threadid=0 logtestlistenerevents=false formatter=org.apache.tools.ant.taskdefs.optional.junit.XMLJUnitResultFormatter,C:\Users\X46852CA\Desktop\ARCHIVOS\Angular y Cucumber\CUCUMBER\workspace\ProjectAnt\target\reports\junit\xml\TEST-runner.Runner.xml crashfile=C:\Users\X46852CA\Desktop\ARCHIVOS\Angular y Cucumber\CUCUMBER\workspace\ProjectAnt\junitvmwatcher2117912267767005395.properties propsfile=C:\Users\X46852CA\Desktop\ARCHIVOS\Angular y Cucumber\CUCUMBER\workspace\ProjectAnt\junit2483684402862989504.properties" />
    <property name="java.class.path" value="C:\Users\X46852CA\Desktop\ARCHIVOS\Angular y Cucumber\CUCUMBER\workspace\ProjectAnt\target\classes;C:\Users\X46852CA\Desktop\ARCHIVOS\Angular y Cucumber\CUCUMBER\workspace\ProjectAnt\lib\compile\junit-4.12.jar;C:\Users\X46852CA\Desktop\ARCHIVOS\Angular y Cucumber\CUCUMBER\workspace\ProjectAnt\lib\compile\commons-configuration2-2.8.0.jar;C:\Users\X46852CA\Desktop\ARCHIVOS\Angular y Cucumber\CUCUMBER\workspace\ProjectAnt\lib\compile\commons-exec-1.3.jar;C:\Users\X46852CA\Desktop\ARCHIVOS\Angular y Cucumber\CUCUMBER\workspace\ProjectAnt\lib\compile\cucumber-core-4.2.0.jar;C:\Users\X46852CA\Desktop\ARCHIVOS\Angular y Cucumber\CUCUMBER\workspace\ProjectAnt\lib\compile\cucumber-java-4.2.0.jar;C:\Users\X46852CA\Desktop\ARCHIVOS\Angular y Cucumber\CUCUMBER\workspace\ProjectAnt\lib\compile\gson-2.8.2.jar;C:\Users\X46852CA\Desktop\ARCHIVOS\Angular y Cucumber\CUCUMBER\workspace\ProjectAnt\lib\compile\guava-25.0-jre.jar;C:\Users\X46852CA\Desktop\ARCHIVOS\Angular y Cucumber\CUCUMBER\workspace\ProjectAnt\lib\compile\hamcrest-core-1.3.jar;C:\Users\X46852CA\Desktop\ARCHIVOS\Angular y Cucumber\CUCUMBER\workspace\ProjectAnt\lib\compile\okhttp-3.11.0.jar;C:\Users\X46852CA\Desktop\ARCHIVOS\Angular y Cucumber\CUCUMBER\workspace\ProjectAnt\lib\compile\okio-1.14.0.jar;C:\Users\X46852CA\Desktop\ARCHIVOS\Angular y Cucumber\CUCUMBER\workspace\ProjectAnt\lib\compile\selenium-3.11.0-nodeps.jar;C:\Users\X46852CA\Desktop\ARCHIVOS\Angular y Cucumber\CUCUMBER\workspace\ProjectAnt\lib\compile\selenium-api-3.141.59.jar;C:\Users\X46852CA\Desktop\ARCHIVOS\Angular y Cucumber\CUCUMBER\workspace\ProjectAnt\lib\compile\selenium-java-3.141.59.jar;C:\Users\X46852CA\Desktop\ARCHIVOS\Angular y Cucumber\CUCUMBER\workspace\ProjectAnt\lib\compile\testlink-api-client-2.0.jar;C:\Users\X46852CA\Desktop\ARCHIVOS\Angular y Cucumber\CUCUMBER\workspace\ProjectAnt\lib\compile\ws-commons-util-1.0.2.jar;C:\Users\X46852CA\Desktop\ARCHIVOS\Angular y Cucumber\CUCUMBER\workspace\ProjectAnt\lib\compile\xmlrpc-client-3.1.3.jar;C:\Users\X46852CA\Desktop\ARCHIVOS\Angular y Cucumber\CUCUMBER\workspace\ProjectAnt\lib\compile\xmlrpc-common-3.1.3.jar;C:\Software\eclipse-4.12\plugins\org.apache.ant_1.10.5.v20190526-1402\lib\ant-launcher.jar;C:\Software\eclipse-4.12\plugins\org.apache.ant_1.10.5.v20190526-1402\lib\ant.jar;C:\Software\eclipse-4.12\plugins\org.apache.ant_1.10.5.v20190526-1402\lib\ant-junit.jar;C:\Software\eclipse-4.12\plugins\org.apache.ant_1.10.5.v20190526-1402\lib\ant-junit4.jar" />
    <property name="ant.version" value="Apache Ant(TM) version 1.10.5 compiled on July 10 2018" />
    <property name="ant.file.type.ProjectAnt" value="file" />
    <property name="java.vm.specification.name" value="Java Virtual Machine Specification" />
    <property name="app.name" value="Ant" />
    <property name="java.vm.specification.version" value="1.8" />
    <property name="sun.cpu.endian" value="little" />
    <property name="java.io.tmpdir" value="C:\Users\X46852CA\AppData\Local\Temp\" />
    <property name="eclipse.pdebuild.home" value="C:\Software\eclipse-4.12\plugins\org.eclipse.pde.build_3.10.400.v20190320-1020\." />
    <property name="ant.file.ProjectAnt" value="C:\Users\X46852CA\Desktop\ARCHIVOS\Angular y Cucumber\CUCUMBER\workspace\ProjectAnt\build.xml" />
    <property name="lib.compile.dir" value="lib/compile" />
    <property name="ibm.system.encoding" value="Cp1252" />
    <property name="ibm.signalhandling.rs" value="false" />
    <property name="java.awt.graphicsenv" value="sun.awt.Win32GraphicsEnvironment" />
    <property name="os.arch" value="amd64" />
    <property name="java.ext.dirs" value="C:\dev\jdk\openjdk-8u212-x64-openj9\jre\lib\ext" />
    <property name="user.dir" value="C:\Users\X46852CA\Desktop\ARCHIVOS\Angular y Cucumber\CUCUMBER\workspace\ProjectAnt" />
    <property name="line.separator" value="&#xd;&#xa;" />
    <property name="java.vm.name" value="Eclipse OpenJ9 VM" />
    <property name="com.ibm.oti.shared.enabled" value="false" />
    <property name="com.ibm.vm.bitmode" value="64" />
    <property name="basedir" value="C:\Users\X46852CA\Desktop\ARCHIVOS\Angular y Cucumber\CUCUMBER\workspace\ProjectAnt" />
    <property name="ant.java.version" value="1.8" />
    <property name="ant.core.lib" value="C:\Software\eclipse-4.12\plugins\org.apache.ant_1.10.5.v20190526-1402\lib\ant.jar" />
    <property name="file.encoding" value="Cp1252" />
    <property name="com.ibm.oti.configuration" value="scar" />
    <property name="java.specification.version" value="1.8" />
    <property name="src.dir" value="src/test/java" />
    <property name="ant.project.invoked-targets" value="test" />
  </properties>
  <testcase classname="com.prueba.LoginScenarios" name="validLogin" time="5.735" />
  <system-out><![CDATA[aall32
aall31
aall32
]]></system-out>
  <system-err><![CDATA[Starting ChromeDriver 103.0.5060.53 (a1711811edd74ff1cf2150f36ffa3b0dae40b17f-refs/branch-heads/5060@{#853}) on port 43144
Only local connections are allowed.
Please see https://chromedriver.chromium.org/security-considerations for suggestions on keeping ChromeDriver safe.
ChromeDriver was started successfully.
ago 01, 2022 8:43:35 AM org.openqa.selenium.remote.ProtocolHandshake createSession
INFORMACIÓN: Detected dialect: W3C
Starting ChromeDriver 103.0.5060.53 (a1711811edd74ff1cf2150f36ffa3b0dae40b17f-refs/branch-heads/5060@{#853}) on port 22994
Only local connections are allowed.
Please see https://chromedriver.chromium.org/security-considerations for suggestions on keeping ChromeDriver safe.
ChromeDriver was started successfully.
ago 01, 2022 8:43:39 AM org.openqa.selenium.remote.ProtocolHandshake createSession
INFORMACIÓN: Detected dialect: W3C
]]></system-err>
</testsuite>
